#include <stdio.h>
void calc(long long a1, long long a2, long long a3)
{
long long A[100] = {0};
long long x1;
long long x2;
long long x3;
long long x4;
long long x5;
long long x6;
long long x7;
long long x8;
long long x9;
long long x10;
long long x11;
long long x12;
long long x13;
long long x14;
long long x15;
long long x16;
x16=a3;
x16+=3633;
x15=a1;
x15-=x16;
x14=a2;
x14+=-21663;
x13=a2;
x13+=x14;
printf("%lld\n",x14);
printf("%lld\n",x13);
x13=a1;
x13-=a2;
x14=a2;
x14/=a1;
x12=a2;
x12+=x14;
x11=a1;
x11-=-10117;
x10=x11;
x10*=x11;
x9=a1;
x9-=a2;
printf("%lld\n",x9);
x9=x11;
x9+=x13;
printf("%lld\n",x9);
x9=x14;
x9+=-16385;
printf("%lld\n",x9);
printf("%lld\n",x14);
x14=x12;
x14+=30966;
x9=a1;
x9/=x16;
x8=a3;
x8*=a1;
x7=a2;
x7*=6995;
x6=x7;
x6+=-26400;
printf("%lld\n",x7);
x7=a3;
x7/=14042;
printf("%lld\n",x7);
x7=x14;
x7-=x12;
x5=x16;
x5/=-7424;
printf("%lld\n",x5);
x5=x11;
x5+=a3;
printf("%lld\n",x11);
x11=x15;
x11+=-20771;
printf("%lld\n",x11);
x11=a2;
x11+=x7;
printf("%lld\n",x11);
x11=x8;
x11/=a1;
printf("%lld\n",x8);
x8=a1;
x8+=a3;
printf("%lld\n",x8);
x8=x10;
x8*=a1;
x4=x6;
x4+=a2;
printf("%lld\n",x4);
printf("%lld\n",x6);
x6=a2;
x6*=a2;
printf("%lld\n",x6);
x6=x11;
x6*=a2;
printf("%lld\n",x6);
printf("%lld\n",x11);
x11=a2;
x11/=x14;
printf("%lld\n",x14);
printf("%lld\n",x11);
x11=a2;
x11*=a2;
x14=a3;
x14/=a3;
printf("%lld\n",x14);
x14=x5;
x14+=-8232;
printf("%lld\n",x14);
x14=a3;
x14*=21403;
printf("%lld\n",x14);
x14=x16;
x14-=25143;
printf("%lld\n",x14);
x14=a3;
x14*=x10;
printf("%lld\n",x10);
x10=a2;
x10*=-19677;
printf("%lld\n",x10);
x10=x5;
x10*=29931;
printf("%lld\n",x10);
x10=x13;
x10-=a1;
printf("%lld\n",x10);
printf("%lld\n",x13);
x13=x14;
x13/=x7;
printf("%lld\n",x7);
printf("%lld\n",x13);
x13=x14;
x13-=a3;
printf("%lld\n",x14);
x14=a3;
x14*=a1;
printf("%lld\n",x14);
x14=x13;
x14*=x11;
printf("%lld\n",x13);
x13=a3;
x13/=-19273;
x7=x15;
x7+=-14734;
printf("%lld\n",x7);
printf("%lld\n",x15);
x15=x12;
x15-=-4332;
printf("%lld\n",x15);
printf("%lld\n",x12);
x12=a2;
x12+=x14;
printf("%lld\n",x12);
x12=a3;
x12*=a1;
printf("%lld\n",x12);
x12=a3;
x12*=31286;
printf("%lld\n",x12);
x12=x14;
x12+=6995;
printf("%lld\n",x12);
x12=a3;
x12-=x13;
printf("%lld\n",x12);
x12=a2;
x12*=x8;
printf("%lld\n",x8);
printf("%lld\n",x12);
x12=a3;
x12/=x14;
printf("%lld\n",x14);
printf("%lld\n",x12);
x12=a3;
x12*=-28954;
printf("%lld\n",x12);
x12=a2;
x12-=x5;
printf("%lld\n",x5);
printf("%lld\n",x12);
x12=x13;
x12*=a1;
printf("%lld\n",x12);
printf("%lld\n",x13);
x13=x9;
x13*=a3;
printf("%lld\n",x13);
printf("%lld\n",x9);
x9=a1;
x9*=18664;
printf("%lld\n",x9);
x9=x16;
x9-=x11;
printf("%lld\n",x11);
printf("%lld\n",x9);
printf("%lld\n",x16);
x16=a3;
x16/=-3137;
printf("%lld\n",x16);
}
int main() {
freopen("testdata.in", "r", stdin);
freopen("my_out.out", "w", stdout);
long long a, b, c;
scanf("%lld%lld%lld", &a, &b, &c);
calc(a, b, c);
}
