	reg[4] = reg[3];
	reg[4] += 3633;
	reg[5] = reg[1];
	reg[5] -= reg[4];
	reg[6] = reg[2];
	reg[6] += -21663;
	reg[7] = reg[2];
	reg[7] += reg[6];
	reg[6] = reg[1];
	reg[6] -= reg[2];
	reg[7] = reg[2];
	reg[7] /= reg[1];
	reg[8] = reg[2];
	reg[8] += reg[7];
	reg[9] = reg[1];
	reg[9] -= -10117;
	reg[10] = reg[9];
	reg[10] *= reg[9];
	reg[11] = reg[1];
	reg[11] -= reg[2];
	reg[11] = reg[9];
	reg[11] += reg[6];
	reg[11] = reg[7];
	reg[11] += -16385;
	reg[7] = reg[8];
	reg[7] += 30966;
	reg[11] = reg[1];
	reg[11] /= reg[4];
	reg[12] = reg[3];
	reg[12] *= reg[1];
	reg[13] = reg[2];
	reg[13] *= 6995;
	reg[14] = reg[13];
	reg[14] += -26400;
	reg[13] = reg[3];
	reg[13] /= 14042;
	reg[13] = reg[7];
	reg[13] -= reg[8];
	reg[15] = reg[4];
	reg[15] /= -7424;
	reg[15] = reg[9];
	reg[15] += reg[3];
	reg[9] = reg[5];
	reg[9] += -20771;
	reg[9] = reg[2];
	reg[9] += reg[13];
	reg[9] = reg[12];
	reg[9] /= reg[1];
	reg[12] = reg[1];
	reg[12] += reg[3];
	reg[12] = reg[10];
	reg[12] *= reg[1];
	mem[0] = reg[14];
	mem[0] += reg[2];
	reg[14] = reg[2];
	reg[14] *= reg[2];
	reg[14] = reg[9];
	reg[14] *= reg[2];
	reg[9] = reg[2];
	reg[9] /= reg[7];
	reg[7] = reg[2];
	reg[7] *= reg[2];
	reg[9] = reg[3];
	reg[9] /= reg[3];
	reg[9] = reg[15];
	reg[9] += -8232;
	reg[9] = reg[3];
	reg[9] *= 21403;
	reg[9] = reg[4];
	reg[9] -= 25143;
	reg[9] = reg[3];
	reg[9] *= reg[10];
	reg[10] = reg[2];
	reg[10] *= -19677;
	reg[10] = reg[15];
	reg[10] *= 29931;
	reg[10] = reg[6];
	reg[10] -= reg[1];
	reg[6] = reg[9];
	reg[6] /= reg[13];
	reg[6] = reg[9];
	reg[6] -= reg[3];
	reg[9] = reg[3];
	reg[9] *= reg[1];
	reg[9] = reg[6];
	reg[9] *= reg[7];
	reg[6] = reg[3];
	reg[6] /= -19273;
	reg[10] = reg[5];
	reg[10] += -14734;
	reg[5] = reg[8];
	reg[5] -= -4332;
	reg[5] = reg[2];
	reg[5] += reg[9];
	reg[5] = reg[3];
	reg[5] *= reg[1];
	reg[5] = reg[3];
	reg[5] *= 31286;
	reg[5] = reg[9];
	reg[5] += 6995;
	reg[5] = reg[3];
	reg[5] -= reg[6];
	reg[5] = reg[2];
	reg[5] *= reg[12];
	reg[5] = reg[3];
	reg[5] /= reg[9];
	reg[5] = reg[3];
	reg[5] *= -28954;
	reg[5] = reg[2];
	reg[5] -= reg[15];
	reg[2] = reg[6];
	reg[2] *= reg[1];
	reg[2] = reg[11];
	reg[2] *= reg[3];
	reg[2] = reg[1];
	reg[2] *= 18664;
	reg[1] = reg[4];
	reg[1] -= reg[7];
	reg[1] = reg[3];
	reg[1] /= -3137;
